<?xml version="1.0" encoding="UTF-8"?>
<!-- Generated by org.testng.reporters.JUnitXMLReporter -->
<testsuite ignored="0" hostname="user-PC" failures="0" tests="5" name="Default test" time="64.815" errors="0" timestamp="2024-01-07T23:19:13 IST">
  <testcase classname="scenario2Testcases.AdminTest" name="getOptions" time="1.577"/>
  <testcase classname="scenario2Testcases.AdminTest" name="adminClickTest" time="4.635"/>
  <testcase classname="scenario2Testcases.AdminTest" name="searchByUserName" time="4.537"/>
  <testcase classname="scenario2Testcases.AdminTest" name="searchByUserRole" time="4.582"/>
  <testcase classname="scenario2Testcases.AdminTest" name="searchByUserStatus" time="4.615"/>
</testsuite> <!-- Default test -->
