<?xml version="1.0" encoding="UTF-8"?>
<!-- Generated by org.testng.reporters.JUnitXMLReporter -->
<testsuite ignored="0" hostname="user-PC" failures="0" tests="5" name="Default test" time="55.858" errors="0" timestamp="2024-01-06T18:27:32 IST">
  <testcase classname="scenario2Testcases.AdminTest" name="getOptions" time="0.653"/>
  <testcase classname="scenario2Testcases.AdminTest" name="adminClickTest" time="3.686"/>
  <testcase classname="scenario2Testcases.AdminTest" name="searchByUserName" time="3.902"/>
  <testcase classname="scenario2Testcases.AdminTest" name="searchByUserRole" time="3.87"/>
  <testcase classname="scenario2Testcases.AdminTest" name="searchByUserStatus" time="3.302"/>
</testsuite> <!-- Default test -->
