<?xml version="1.0" encoding="UTF-8"?>
<testng-results ignored="0" total="5" passed="5" failed="0" skipped="0">
  <reporter-output>
  </reporter-output>
  <suite started-at="2024-01-06T18:26:36 IST" name="Default suite" finished-at="2024-01-06T18:27:32 IST" duration-ms="55858">
    <groups>
    </groups>
    <test started-at="2024-01-06T18:26:36 IST" name="Default test" finished-at="2024-01-06T18:27:32 IST" duration-ms="55858">
      <class name="scenario2Testcases.AdminTest">
        <test-method is-config="true" signature="sessionStart()[pri:0, instance:scenario2Testcases.AdminTest@72967906]" started-at="2024-01-06T18:26:36 IST" name="sessionStart" finished-at="2024-01-06T18:27:06 IST" duration-ms="30187" status="PASS">
          <reporter-output>
          </reporter-output>
        </test-method> <!-- sessionStart -->
        <test-method is-config="true" signature="basicSteps()[pri:0, instance:scenario2Testcases.AdminTest@72967906]" started-at="2024-01-06T18:27:06 IST" name="basicSteps" finished-at="2024-01-06T18:27:16 IST" duration-ms="9995" status="PASS">
          <reporter-output>
          </reporter-output>
        </test-method> <!-- basicSteps -->
        <test-method signature="getOptions()[pri:1, instance:scenario2Testcases.AdminTest@72967906]" started-at="2024-01-06T18:27:16 IST" name="getOptions" finished-at="2024-01-06T18:27:17 IST" duration-ms="653" status="PASS">
          <reporter-output>
          </reporter-output>
        </test-method> <!-- getOptions -->
        <test-method signature="adminClickTest()[pri:2, instance:scenario2Testcases.AdminTest@72967906]" started-at="2024-01-06T18:27:17 IST" name="adminClickTest" finished-at="2024-01-06T18:27:20 IST" duration-ms="3686" status="PASS">
          <reporter-output>
          </reporter-output>
        </test-method> <!-- adminClickTest -->
        <test-method signature="searchByUserName()[pri:3, instance:scenario2Testcases.AdminTest@72967906]" started-at="2024-01-06T18:27:20 IST" name="searchByUserName" finished-at="2024-01-06T18:27:24 IST" duration-ms="3902" status="PASS">
          <reporter-output>
          </reporter-output>
        </test-method> <!-- searchByUserName -->
        <test-method signature="searchByUserRole()[pri:4, instance:scenario2Testcases.AdminTest@72967906]" started-at="2024-01-06T18:27:24 IST" name="searchByUserRole" finished-at="2024-01-06T18:27:28 IST" duration-ms="3870" status="PASS">
          <reporter-output>
          </reporter-output>
        </test-method> <!-- searchByUserRole -->
        <test-method signature="searchByUserStatus()[pri:5, instance:scenario2Testcases.AdminTest@72967906]" started-at="2024-01-06T18:27:28 IST" name="searchByUserStatus" finished-at="2024-01-06T18:27:32 IST" duration-ms="3302" status="PASS">
          <reporter-output>
          </reporter-output>
        </test-method> <!-- searchByUserStatus -->
      </class> <!-- scenario2Testcases.AdminTest -->
    </test> <!-- Default test -->
  </suite> <!-- Default suite -->
</testng-results>
